<?xml version="1.0" encoding="UTF-8"?>
<robot generator="Robot 4.0 (Python 3.7.0 on win32)" generated="20210316 23:02:14.679" rpa="false" schemaversion="2">
<suite id="s1" name="TodoAPI" source="C:\RAVEEN\Learning\Automation\TestSuites\API\TodoAPI.robot">
<test id="s1-t1" name="I want to create new post">
<kw name="Create Session" library="RequestsLibrary">
<arg>mysession</arg>
<arg>${BaseUrl}</arg>
<doc>Create Session: create a HTTP session to a server</doc>
<msg timestamp="20210316 23:02:14.806" level="INFO">Creating Session using : alias=mysession, url=https://jsonplaceholder.typicode.com, headers={},                     cookies={}, auth=None, timeout=None, proxies=None, verify=False,                     debug=0 </msg>
<status status="PASS" starttime="20210316 23:02:14.806" endtime="20210316 23:02:14.806"/>
</kw>
<kw name="Create Dictionary" library="BuiltIn">
<var>${body}</var>
<arg>name=Raveen</arg>
<arg>email=test@gmail</arg>
<doc>Creates and returns a dictionary based on the given ``items``.</doc>
<msg timestamp="20210316 23:02:14.807" level="INFO">${body} = {'name': 'Raveen', 'email': 'test@gmail'}</msg>
<status status="PASS" starttime="20210316 23:02:14.807" endtime="20210316 23:02:14.807"/>
</kw>
<kw name="Create Dictionary" library="BuiltIn">
<var>${header}</var>
<arg>Content-Type=application/json</arg>
<doc>Creates and returns a dictionary based on the given ``items``.</doc>
<msg timestamp="20210316 23:02:14.808" level="INFO">${header} = {'Content-Type': 'application/json'}</msg>
<status status="PASS" starttime="20210316 23:02:14.808" endtime="20210316 23:02:14.808"/>
</kw>
<kw name="Post Request" library="RequestsLibrary">
<var>${response}</var>
<arg>mysession</arg>
<arg>/posts</arg>
<arg>data=${body}</arg>
<arg>headers=${header}</arg>
<doc>*DEPRECATED* Please use `POST On Session` instead.</doc>
<msg timestamp="20210316 23:02:14.808" level="WARN">Keyword 'RequestsLibrary.Post Request' is deprecated. Please use `POST On Session` instead.</msg>
<msg timestamp="20210316 23:02:15.840" level="INFO">POST Request : url=https://jsonplaceholder.typicode.com/posts 
 path_url=/posts 
 headers={'User-Agent': 'python-requests/2.25.1', 'Accept-Encoding': 'gzip, deflate', 'Accept': '*/*', 'Connection': 'keep-alive', 'Content-Type': 'application/json', 'Content-Length': '41'} 
 body={"name": "Raveen", "email": "test@gmail"} 
 </msg>
<msg timestamp="20210316 23:02:15.841" level="INFO">POST Response : url=https://jsonplaceholder.typicode.com/posts 
 status=201, reason=Created 
 headers={'Date': 'Tue, 16 Mar 2021 12:02:15 GMT', 'Content-Type': 'application/json; charset=utf-8', 'Content-Length': '60', 'Connection': 'keep-alive', 'Set-Cookie': '__cfduid=d4a2573a4355d8b21213f87febaf7d38e1615896135; expires=Thu, 15-Apr-21 12:02:15 GMT; path=/; domain=.typicode.com; HttpOnly; SameSite=Lax', 'X-Powered-By': 'Express', 'X-Ratelimit-Limit': '1000', 'X-Ratelimit-Remaining': '998', 'X-Ratelimit-Reset': '1615896153', 'Vary': 'Origin, X-HTTP-Method-Override, Accept-Encoding', 'Access-Control-Allow-Credentials': 'true', 'Cache-Control': 'no-cache', 'Pragma': 'no-cache', 'Expires': '-1', 'Access-Control-Expose-Headers': 'Location', 'Location': 'http://jsonplaceholder.typicode.com/posts/101', 'X-Content-Type-Options': 'nosniff', 'Etag': 'W/"3c-YJ3GsZ3ohTFt5cWqKhYKroRn1R8"', 'Via': '1.1 vegur', 'CF-Cache-Status': 'DYNAMIC', 'cf-request-id': '08dc835f4a00003285f138d000000001', 'Expect-CT': 'max-age=604800, report-uri="https://report-uri.cloudflare.com/cdn-cgi/beacon/expect-ct"', 'Report-To': '{"group":"cf-nel","max_age":604800,"endpoints":[{"url":"https:\\/\\/a.nel.cloudflare.com\\/report?s=TptC48snUk1BaP73fItPh4qykQPd9t6FCEHd9NUYfAdpiskyHM9Nf2wew8CH6uyfbU5%2F60a9N%2BohWOmg2PsqFumsF95ydFWB05kaEvNHs%2BPqbeLvmX6YL6sxLPvD"}]}', 'NEL': '{"report_to":"cf-nel","max_age":604800}', 'Server': 'cloudflare', 'CF-RAY': '630dd4dedf4a3285-HKG', 'alt-svc': 'h3-27=":443"; ma=86400, h3-28=":443"; ma=86400, h3-29=":443"; ma=86400'} 
 body={
  "name": "Raveen",
  "email": "test@gmail",
  "id": 101
} 
 </msg>
<msg timestamp="20210316 23:02:15.841" level="INFO">c:\python_3_7\lib\site-packages\urllib3\connectionpool.py:1020: InsecureRequestWarning: Unverified HTTPS request is being made to host 'jsonplaceholder.typicode.com'. Adding certificate verification is strongly advised. See: https://urllib3.readthedocs.io/en/latest/advanced-usage.html#ssl-warnings
  InsecureRequestWarning,</msg>
<msg timestamp="20210316 23:02:15.844" level="INFO">${response} = &lt;Response [201]&gt;</msg>
<status status="PASS" starttime="20210316 23:02:14.808" endtime="20210316 23:02:15.844"/>
</kw>
<kw name="Convert To String" library="BuiltIn">
<var>${responseCode}</var>
<arg>${response.status_code}</arg>
<doc>Converts the given item to a Unicode string.</doc>
<msg timestamp="20210316 23:02:15.873" level="INFO">${responseCode} = 201</msg>
<status status="PASS" starttime="20210316 23:02:15.872" endtime="20210316 23:02:15.873"/>
</kw>
<kw name="Should Be Equal" library="BuiltIn">
<arg>${responseCode}</arg>
<arg>201</arg>
<doc>Fails if the given objects are unequal.</doc>
<status status="PASS" starttime="20210316 23:02:15.874" endtime="20210316 23:02:15.875"/>
</kw>
<kw name="Log To Console" library="BuiltIn">
<arg>${response.status_code}</arg>
<doc>Logs the given message to the console.</doc>
<status status="PASS" starttime="20210316 23:02:15.876" endtime="20210316 23:02:15.877"/>
</kw>
<kw name="Convert To String" library="BuiltIn">
<var>${content}</var>
<arg>${response.content}</arg>
<doc>Converts the given item to a Unicode string.</doc>
<msg timestamp="20210316 23:02:15.879" level="INFO">${content} = {
  "name": "Raveen",
  "email": "test@gmail",
  "id": 101
}</msg>
<status status="PASS" starttime="20210316 23:02:15.878" endtime="20210316 23:02:15.879"/>
</kw>
<kw name="Should Contain" library="BuiltIn">
<arg>${content}</arg>
<arg>id</arg>
<doc>Fails if ``container`` does not contain ``item`` one or more times.</doc>
<status status="PASS" starttime="20210316 23:02:15.880" endtime="20210316 23:02:15.880"/>
</kw>
<status status="PASS" starttime="20210316 23:02:14.805" endtime="20210316 23:02:15.881"/>
</test>
<status status="PASS" starttime="20210316 23:02:14.681" endtime="20210316 23:02:15.893"/>
</suite>
<statistics>
<total>
<stat pass="1" fail="0" skip="0">All Tests</stat>
</total>
<tag>
</tag>
<suite>
<stat pass="1" fail="0" skip="0" id="s1" name="TodoAPI">TodoAPI</stat>
</suite>
</statistics>
<errors>
<msg timestamp="20210316 23:02:14.808" level="WARN">Keyword 'RequestsLibrary.Post Request' is deprecated. Please use `POST On Session` instead.</msg>
</errors>
</robot>
