<?xml version="1.0" encoding="UTF-8"?>
<robot generator="Robot 4.0 (Python 3.7.0 on win32)" generated="20210316 17:16:03.484" rpa="false" schemaversion="2">
<suite id="s1" name="Test" source="C:\RAVEEN\Learning\Automation\TestCases\TestSuites\test.robot">
<test id="s1-t1" name="I want to get data from todo">
<kw name="Create Session" library="RequestsLibrary">
<arg>mysession</arg>
<arg>${BaseUrl}</arg>
<doc>Create Session: create a HTTP session to a server</doc>
<msg timestamp="20210316 17:16:03.608" level="INFO">Creating Session using : alias=mysession, url=https://jsonplaceholder.typicode.com, headers={},                     cookies={}, auth=None, timeout=None, proxies=None, verify=False,                     debug=0 </msg>
<status status="PASS" starttime="20210316 17:16:03.607" endtime="20210316 17:16:03.609"/>
</kw>
<kw name="Get Request" library="RequestsLibrary">
<var>${response}</var>
<arg>mysession</arg>
<arg>/todos/1</arg>
<doc>*DEPRECATED* Please use `GET On Session` instead.</doc>
<msg timestamp="20210316 17:16:03.610" level="WARN">Keyword 'RequestsLibrary.Get Request' is deprecated. Please use `GET On Session` instead.</msg>
<msg timestamp="20210316 17:16:04.621" level="INFO">GET Request : url=https://jsonplaceholder.typicode.com/todos/1 
 path_url=/todos/1 
 headers={'User-Agent': 'python-requests/2.25.1', 'Accept-Encoding': 'gzip, deflate', 'Accept': '*/*', 'Connection': 'keep-alive'} 
 body=None 
 </msg>
<msg timestamp="20210316 17:16:04.622" level="INFO">GET Response : url=https://jsonplaceholder.typicode.com/todos/1 
 status=200, reason=OK 
 headers={'Date': 'Tue, 16 Mar 2021 06:16:04 GMT', 'Content-Type': 'application/json; charset=utf-8', 'Transfer-Encoding': 'chunked', 'Connection': 'keep-alive', 'Set-Cookie': '__cfduid=d32c04b3989f9ef3e9714224050b1cb041615875364; expires=Thu, 15-Apr-21 06:16:04 GMT; path=/; domain=.typicode.com; HttpOnly; SameSite=Lax', 'X-Powered-By': 'Express', 'X-Ratelimit-Limit': '1000', 'X-Ratelimit-Remaining': '999', 'X-Ratelimit-Reset': '1615532724', 'Vary': 'Origin, Accept-Encoding', 'Access-Control-Allow-Credentials': 'true', 'Cache-Control': 'max-age=43200', 'Pragma': 'no-cache', 'Expires': '-1', 'X-Content-Type-Options': 'nosniff', 'Etag': 'W/"53-hfEnumeNh6YirfjyjaujcOPPT+s"', 'Via': '1.1 vegur', 'CF-Cache-Status': 'HIT', 'Age': '5032', 'cf-request-id': '08db466e6d00000a5ceb0e1000000001', 'Expect-CT': 'max-age=604800, report-uri="https://report-uri.cloudflare.com/cdn-cgi/beacon/expect-ct"', 'Report-To': '{"endpoints":[{"url":"https:\\/\\/a.nel.cloudflare.com\\/report?s=HBGWXHBnLPCEHolHnZNiR1xV8qTsk6EuMRfRXbsXd1Z72VMFt0oe6NyYI8M3QyqQGdSkLm%2FGmAKc%2BCDs%2B%2Fb1hB7vu1fT35CeYyCSGF5ftWErHcIUlieb5c5KTheh"}],"group":"cf-nel","max_age":604800}', 'NEL': '{"max_age":604800,"report_to":"cf-nel"}', 'Server': 'cloudflare', 'CF-RAY': '630bd9c3ec8d0a5c-KIX', 'Content-Encoding': 'gzip', 'alt-svc': 'h3-27=":443"; ma=86400, h3-28=":443"; ma=86400, h3-29=":443"; ma=86400'} 
 body={
  "userId": 1,
  "id": 1,
  "title": "delectus aut autem",
  "completed": false
} 
 </msg>
<msg timestamp="20210316 17:16:04.622" level="INFO">c:\python_3_7\lib\site-packages\urllib3\connectionpool.py:1020: InsecureRequestWarning: Unverified HTTPS request is being made to host 'jsonplaceholder.typicode.com'. Adding certificate verification is strongly advised. See: https://urllib3.readthedocs.io/en/latest/advanced-usage.html#ssl-warnings
  InsecureRequestWarning,</msg>
<msg timestamp="20210316 17:16:04.626" level="INFO">${response} = &lt;Response [200]&gt;</msg>
<status status="PASS" starttime="20210316 17:16:03.609" endtime="20210316 17:16:04.627"/>
</kw>
<kw name="Log To Console" library="BuiltIn">
<arg>${response.status_code}</arg>
<doc>Logs the given message to the console.</doc>
<status status="PASS" starttime="20210316 17:16:04.678" endtime="20210316 17:16:04.681"/>
</kw>
<kw name="Log To Console" library="BuiltIn">
<arg>${response.content}</arg>
<doc>Logs the given message to the console.</doc>
<status status="PASS" starttime="20210316 17:16:04.682" endtime="20210316 17:16:04.685"/>
</kw>
<kw name="Log To Console" library="BuiltIn">
<arg>${response.headers}</arg>
<doc>Logs the given message to the console.</doc>
<status status="PASS" starttime="20210316 17:16:04.686" endtime="20210316 17:16:04.698"/>
</kw>
<kw name="Convert To String" library="BuiltIn">
<var>${StatusCode}</var>
<arg>${response.status_code}</arg>
<doc>Converts the given item to a Unicode string.</doc>
<msg timestamp="20210316 17:16:04.700" level="INFO">${StatusCode} = 200</msg>
<status status="PASS" starttime="20210316 17:16:04.699" endtime="20210316 17:16:04.700"/>
</kw>
<kw name="Should Be Equal" library="BuiltIn">
<arg>${StatusCode}</arg>
<arg>200</arg>
<doc>Fails if the given objects are unequal.</doc>
<status status="PASS" starttime="20210316 17:16:04.700" endtime="20210316 17:16:04.701"/>
</kw>
<status status="PASS" starttime="20210316 17:16:03.607" endtime="20210316 17:16:04.702"/>
</test>
<status status="PASS" starttime="20210316 17:16:03.486" endtime="20210316 17:16:04.718"/>
</suite>
<statistics>
<total>
<stat pass="1" fail="0" skip="0">All Tests</stat>
</total>
<tag>
</tag>
<suite>
<stat pass="1" fail="0" skip="0" id="s1" name="Test">Test</stat>
</suite>
</statistics>
<errors>
<msg timestamp="20210316 17:16:03.610" level="WARN">Keyword 'RequestsLibrary.Get Request' is deprecated. Please use `GET On Session` instead.</msg>
</errors>
</robot>
