<?xml version="1.0" encoding="UTF-8"?>
<robot generator="Robot 4.0 (Python 3.7.0 on win32)" generated="20210316 23:20:24.263" rpa="false" schemaversion="2">
<suite id="s1" name="TodoAPI" source="C:\RAVEEN\Learning\Automation\TestSuites\API\TodoAPI.robot">
<test id="s1-t1" name="I want to create new post">
<kw name="Create Session" library="RequestsLibrary">
<arg>mysession</arg>
<arg>${BaseUrl}</arg>
<doc>Create Session: create a HTTP session to a server</doc>
<msg timestamp="20210316 23:20:24.413" level="INFO">Creating Session using : alias=mysession, url=https://jsonplaceholder.typicode.com, headers={},                     cookies={}, auth=None, timeout=None, proxies=None, verify=False,                     debug=0 </msg>
<status status="PASS" starttime="20210316 23:20:24.412" endtime="20210316 23:20:24.413"/>
</kw>
<kw name="Create Dictionary" library="BuiltIn">
<var>${body}</var>
<arg>name=Raveen</arg>
<arg>email=test@gmail</arg>
<doc>Creates and returns a dictionary based on the given ``items``.</doc>
<msg timestamp="20210316 23:20:24.414" level="INFO">${body} = {'name': 'Raveen', 'email': 'test@gmail'}</msg>
<status status="PASS" starttime="20210316 23:20:24.414" endtime="20210316 23:20:24.415"/>
</kw>
<kw name="Create Dictionary" library="BuiltIn">
<var>${header}</var>
<arg>Content-Type=application/json</arg>
<doc>Creates and returns a dictionary based on the given ``items``.</doc>
<msg timestamp="20210316 23:20:24.415" level="INFO">${header} = {'Content-Type': 'application/json'}</msg>
<status status="PASS" starttime="20210316 23:20:24.415" endtime="20210316 23:20:24.416"/>
</kw>
<kw name="Post Request" library="RequestsLibrary">
<var>${response}</var>
<arg>mysession</arg>
<arg>/posts</arg>
<arg>data=${body}</arg>
<arg>headers=${header}</arg>
<doc>*DEPRECATED* Please use `POST On Session` instead.</doc>
<msg timestamp="20210316 23:20:24.416" level="WARN">Keyword 'RequestsLibrary.Post Request' is deprecated. Please use `POST On Session` instead.</msg>
<msg timestamp="20210316 23:20:25.502" level="INFO">POST Request : url=https://jsonplaceholder.typicode.com/posts 
 path_url=/posts 
 headers={'User-Agent': 'python-requests/2.25.1', 'Accept-Encoding': 'gzip, deflate', 'Accept': '*/*', 'Connection': 'keep-alive', 'Content-Type': 'application/json', 'Content-Length': '41'} 
 body={"name": "Raveen", "email": "test@gmail"} 
 </msg>
<msg timestamp="20210316 23:20:25.502" level="INFO">POST Response : url=https://jsonplaceholder.typicode.com/posts 
 status=201, reason=Created 
 headers={'Date': 'Tue, 16 Mar 2021 12:20:25 GMT', 'Content-Type': 'application/json; charset=utf-8', 'Content-Length': '60', 'Connection': 'keep-alive', 'Set-Cookie': '__cfduid=db5d7db32dff3b4d9bdaacc5ac11e08701615897225; expires=Thu, 15-Apr-21 12:20:25 GMT; path=/; domain=.typicode.com; HttpOnly; SameSite=Lax', 'X-Powered-By': 'Express', 'X-Ratelimit-Limit': '1000', 'X-Ratelimit-Remaining': '999', 'X-Ratelimit-Reset': '1615897233', 'Vary': 'Origin, X-HTTP-Method-Override, Accept-Encoding', 'Access-Control-Allow-Credentials': 'true', 'Cache-Control': 'no-cache', 'Pragma': 'no-cache', 'Expires': '-1', 'Access-Control-Expose-Headers': 'Location', 'Location': 'http://jsonplaceholder.typicode.com/posts/101', 'X-Content-Type-Options': 'nosniff', 'Etag': 'W/"3c-YJ3GsZ3ohTFt5cWqKhYKroRn1R8"', 'Via': '1.1 vegur', 'CF-Cache-Status': 'DYNAMIC', 'cf-request-id': '08dc93ffb50000196f4804e000000001', 'Expect-CT': 'max-age=604800, report-uri="https://report-uri.cloudflare.com/cdn-cgi/beacon/expect-ct"', 'Report-To': '{"max_age":604800,"endpoints":[{"url":"https:\\/\\/a.nel.cloudflare.com\\/report?s=4Zl4MFe%2F6MioEcb8tVUvzYQPLI1skgn6mBl6rE2bmn4YMv4NlEVsPJ7bK%2FW16dWOfhbFBcio5eZGxyNrE5CGQWbcX3pvzftsNpDJNbWQSRX7%2FLd4kmsenznViXZj"}],"group":"cf-nel"}', 'NEL': '{"max_age":604800,"report_to":"cf-nel"}', 'Server': 'cloudflare', 'CF-RAY': '630def7918b8196f-HKG', 'alt-svc': 'h3-27=":443"; ma=86400, h3-28=":443"; ma=86400, h3-29=":443"; ma=86400'} 
 body={
  "name": "Raveen",
  "email": "test@gmail",
  "id": 101
} 
 </msg>
<msg timestamp="20210316 23:20:25.503" level="INFO">c:\python_3_7\lib\site-packages\urllib3\connectionpool.py:1020: InsecureRequestWarning: Unverified HTTPS request is being made to host 'jsonplaceholder.typicode.com'. Adding certificate verification is strongly advised. See: https://urllib3.readthedocs.io/en/latest/advanced-usage.html#ssl-warnings
  InsecureRequestWarning,</msg>
<msg timestamp="20210316 23:20:25.505" level="INFO">${response} = &lt;Response [201]&gt;</msg>
<status status="PASS" starttime="20210316 23:20:24.416" endtime="20210316 23:20:25.505"/>
</kw>
<kw name="Convert To String" library="BuiltIn">
<var>${responseCode}</var>
<arg>${response.status_code}</arg>
<doc>Converts the given item to a Unicode string.</doc>
<msg timestamp="20210316 23:20:25.530" level="INFO">${responseCode} = 201</msg>
<status status="PASS" starttime="20210316 23:20:25.529" endtime="20210316 23:20:25.530"/>
</kw>
<kw name="Should Be Equal" library="BuiltIn">
<arg>${responseCode}</arg>
<arg>201</arg>
<doc>Fails if the given objects are unequal.</doc>
<status status="PASS" starttime="20210316 23:20:25.531" endtime="20210316 23:20:25.532"/>
</kw>
<kw name="Log To Console" library="BuiltIn">
<arg>${response.status_code}</arg>
<doc>Logs the given message to the console.</doc>
<status status="PASS" starttime="20210316 23:20:25.533" endtime="20210316 23:20:25.535"/>
</kw>
<kw name="Convert To String" library="BuiltIn">
<var>${content}</var>
<arg>${response.content}</arg>
<doc>Converts the given item to a Unicode string.</doc>
<msg timestamp="20210316 23:20:25.536" level="INFO">${content} = {
  "name": "Raveen",
  "email": "test@gmail",
  "id": 101
}</msg>
<status status="PASS" starttime="20210316 23:20:25.536" endtime="20210316 23:20:25.536"/>
</kw>
<kw name="Should Contain" library="BuiltIn">
<arg>${content}</arg>
<arg>id</arg>
<doc>Fails if ``container`` does not contain ``item`` one or more times.</doc>
<status status="PASS" starttime="20210316 23:20:25.537" endtime="20210316 23:20:25.537"/>
</kw>
<status status="PASS" starttime="20210316 23:20:24.412" endtime="20210316 23:20:25.538"/>
</test>
<status status="PASS" starttime="20210316 23:20:24.265" endtime="20210316 23:20:25.547"/>
</suite>
<statistics>
<total>
<stat pass="1" fail="0" skip="0">All Tests</stat>
</total>
<tag>
</tag>
<suite>
<stat pass="1" fail="0" skip="0" id="s1" name="TodoAPI">TodoAPI</stat>
</suite>
</statistics>
<errors>
<msg timestamp="20210316 23:20:24.400" level="ERROR">Error in file 'C:\RAVEEN\Learning\Automation\TestSuites\API\TodoAPI.robot' on line 5: Importing library 'JsonLibrary' failed: ModuleNotFoundError: No module named 'JsonLibrary'
Traceback (most recent call last):
  None
PYTHONPATH:
  C:\Python_3_7\Scripts\robot.exe
  c:\python_3_7\python37.zip
  c:\python_3_7\DLLs
  c:\python_3_7\lib
  c:\python_3_7
  c:\python_3_7\lib\site-packages</msg>
<msg timestamp="20210316 23:20:24.416" level="WARN">Keyword 'RequestsLibrary.Post Request' is deprecated. Please use `POST On Session` instead.</msg>
</errors>
</robot>
